<?xml version="1.0" encoding="UTF-8"?>
<testng-results skipped="0" failed="0" total="1" passed="1">
  <reporter-output>
  </reporter-output>
  <suite name="Suite" duration-ms="31" started-at="2017-04-11T14:58:12Z" finished-at="2017-04-11T14:58:12Z">
    <groups>
    </groups>
    <test name="Test" duration-ms="31" started-at="2017-04-11T14:58:12Z" finished-at="2017-04-11T14:58:12Z">
      <class name="citiTest1.CitiLoginTest">
        <test-method status="PASS" signature="beforeTest()[pri:0, instance:citiTest1.CitiLoginTest@6d00a15d]" name="beforeTest" is-config="true" duration-ms="9" started-at="2017-04-11T20:28:12Z" finished-at="2017-04-11T20:28:12Z">
          <reporter-output>
          </reporter-output>
        </test-method> <!-- beforeTest -->
        <test-method status="PASS" signature="f()[pri:0, instance:citiTest1.CitiLoginTest@6d00a15d]" name="f" duration-ms="6" started-at="2017-04-11T20:28:12Z" finished-at="2017-04-11T20:28:12Z">
          <reporter-output>
          </reporter-output>
        </test-method> <!-- f -->
        <test-method status="PASS" signature="afterTest()[pri:0, instance:citiTest1.CitiLoginTest@6d00a15d]" name="afterTest" is-config="true" duration-ms="1" started-at="2017-04-11T20:28:12Z" finished-at="2017-04-11T20:28:12Z">
          <reporter-output>
          </reporter-output>
        </test-method> <!-- afterTest -->
      </class> <!-- citiTest1.CitiLoginTest -->
    </test> <!-- Test -->
  </suite> <!-- Suite -->
</testng-results>
